<?xml version="1.0" encoding="utf-8"?><testsuites name="pytest tests"><testsuite name="pytest" errors="0" failures="0" skipped="0" tests="20" time="29.476" timestamp="2026-03-22T14:28:33.939483+00:00" hostname="agent-env-89bceaca-7f91-4068-aecf-5c604fc33df7"><testcase classname="tests.test_ai.TestAI" name="test_ai_suggest_strategy" time="10.663" /><testcase classname="tests.test_ai.TestAI" name="test_ai_analyze_backtest" time="16.404" /><testcase classname="tests.test_ai.TestAI" name="test_ai_analyze_nonexistent_backtest" time="0.049" /><testcase classname="tests.test_auth.TestAuth" name="test_register_new_user" time="0.270" /><testcase classname="tests.test_auth.TestAuth" name="test_register_duplicate_email" time="0.046" /><testcase classname="tests.test_auth.TestAuth" name="test_login_success" time="0.268" /><testcase classname="tests.test_auth.TestAuth" name="test_login_invalid_credentials" time="0.046" /><testcase classname="tests.test_auth.TestAuth" name="test_get_me_authenticated" time="0.044" /><testcase classname="tests.test_auth.TestAuth" name="test_get_me_unauthenticated" time="0.047" /><testcase classname="tests.test_backtests.TestBacktests" name="test_get_backtests_authenticated" time="0.059" /><testcase classname="tests.test_backtests.TestBacktests" name="test_create_backtest_yahoo_data" time="0.349" /><testcase classname="tests.test_backtests.TestBacktests" name="test_create_backtest_invalid_strategy" time="0.049" /><testcase classname="tests.test_backtests.TestBacktests" name="test_get_backtest_by_id" time="0.477" /><testcase classname="tests.test_backtests.TestBacktests" name="test_get_backtest_not_found" time="0.055" /><testcase classname="tests.test_strategies.TestStrategies" name="test_get_strategies_authenticated" time="0.045" /><testcase classname="tests.test_strategies.TestStrategies" name="test_get_strategies_unauthenticated" time="0.048" /><testcase classname="tests.test_strategies.TestStrategies" name="test_create_strategy_and_verify" time="0.149" /><testcase classname="tests.test_strategies.TestStrategies" name="test_delete_strategy" time="0.162" /><testcase classname="tests.test_strategies.TestStrategies" name="test_get_sample_strategies" time="0.053" /><testcase classname="tests.test_strategies.TestStrategies" name="test_copy_sample_strategy" time="0.142" /></testsuite></testsuites>